<?xml version="1.0" encoding="UTF-8"?>
<testsuite xmlns:xsi="http://www.w3.org/2001/XMLSchema-instance" xsi:noNamespaceSchemaLocation="https://maven.apache.org/surefire/maven-surefire-plugin/xsd/surefire-test-report.xsd" name="com.qf.with_my_car.WithMyCarApplicationTests" time="13.831" tests="1" errors="0" skipped="0" failures="0">
  <properties>
    <property name="sun.desktop" value="windows"/>
    <property name="awt.toolkit" value="sun.awt.windows.WToolkit"/>
    <property name="file.encoding.pkg" value="sun.io"/>
    <property name="java.specification.version" value="1.8"/>
    <property name="sun.cpu.isalist" value="amd64"/>
    <property name="sun.jnu.encoding" value="GBK"/>
    <property name="java.class.path" value="E:\ideaprj\with_my_car\target\test-classes;E:\ideaprj\with_my_car\target\classes;E:\MavenRepository\org\apache\shiro\shiro-spring\1.4.0\shiro-spring-1.4.0.jar;E:\MavenRepository\org\apache\shiro\shiro-web\1.4.0\shiro-web-1.4.0.jar;E:\MavenRepository\org\apache\shiro\shiro-core\1.4.0\shiro-core-1.4.0.jar;E:\MavenRepository\org\apache\shiro\shiro-lang\1.4.0\shiro-lang-1.4.0.jar;E:\MavenRepository\org\slf4j\slf4j-api\1.7.26\slf4j-api-1.7.26.jar;E:\MavenRepository\org\apache\shiro\shiro-cache\1.4.0\shiro-cache-1.4.0.jar;E:\MavenRepository\org\apache\shiro\shiro-crypto-hash\1.4.0\shiro-crypto-hash-1.4.0.jar;E:\MavenRepository\org\apache\shiro\shiro-crypto-core\1.4.0\shiro-crypto-core-1.4.0.jar;E:\MavenRepository\org\apache\shiro\shiro-crypto-cipher\1.4.0\shiro-crypto-cipher-1.4.0.jar;E:\MavenRepository\org\apache\shiro\shiro-config-core\1.4.0\shiro-config-core-1.4.0.jar;E:\MavenRepository\org\apache\shiro\shiro-config-ogdl\1.4.0\shiro-config-ogdl-1.4.0.jar;E:\MavenRepository\commons-beanutils\commons-beanutils\1.9.3\commons-beanutils-1.9.3.jar;E:\MavenRepository\commons-collections\commons-collections\3.2.2\commons-collections-3.2.2.jar;E:\MavenRepository\org\apache\shiro\shiro-event\1.4.0\shiro-event-1.4.0.jar;E:\MavenRepository\com\alibaba\fastjson\1.2.17\fastjson-1.2.17.jar;E:\MavenRepository\org\springframework\boot\spring-boot-starter-data-redis\2.1.4.RELEASE\spring-boot-starter-data-redis-2.1.4.RELEASE.jar;E:\MavenRepository\org\springframework\boot\spring-boot-starter\2.1.4.RELEASE\spring-boot-starter-2.1.4.RELEASE.jar;E:\MavenRepository\org\springframework\boot\spring-boot\2.1.4.RELEASE\spring-boot-2.1.4.RELEASE.jar;E:\MavenRepository\org\springframework\boot\spring-boot-autoconfigure\2.1.4.RELEASE\spring-boot-autoconfigure-2.1.4.RELEASE.jar;E:\MavenRepository\org\springframework\boot\spring-boot-starter-logging\2.1.4.RELEASE\spring-boot-starter-logging-2.1.4.RELEASE.jar;E:\MavenRepository\ch\qos\logback\logback-classic\1.2.3\logback-classic-1.2.3.jar;E:\MavenRepository\ch\qos\logback\logback-core\1.2.3\logback-core-1.2.3.jar;E:\MavenRepository\org\apache\logging\log4j\log4j-to-slf4j\2.11.2\log4j-to-slf4j-2.11.2.jar;E:\MavenRepository\org\apache\logging\log4j\log4j-api\2.11.2\log4j-api-2.11.2.jar;E:\MavenRepository\org\slf4j\jul-to-slf4j\1.7.26\jul-to-slf4j-1.7.26.jar;E:\MavenRepository\javax\annotation\javax.annotation-api\1.3.2\javax.annotation-api-1.3.2.jar;E:\MavenRepository\org\yaml\snakeyaml\1.23\snakeyaml-1.23.jar;E:\MavenRepository\org\springframework\data\spring-data-redis\2.1.6.RELEASE\spring-data-redis-2.1.6.RELEASE.jar;E:\MavenRepository\org\springframework\data\spring-data-keyvalue\2.1.6.RELEASE\spring-data-keyvalue-2.1.6.RELEASE.jar;E:\MavenRepository\org\springframework\data\spring-data-commons\2.1.6.RELEASE\spring-data-commons-2.1.6.RELEASE.jar;E:\MavenRepository\org\springframework\spring-tx\5.1.6.RELEASE\spring-tx-5.1.6.RELEASE.jar;E:\MavenRepository\org\springframework\spring-oxm\5.1.6.RELEASE\spring-oxm-5.1.6.RELEASE.jar;E:\MavenRepository\org\springframework\spring-aop\5.1.6.RELEASE\spring-aop-5.1.6.RELEASE.jar;E:\MavenRepository\org\springframework\spring-context-support\5.1.6.RELEASE\spring-context-support-5.1.6.RELEASE.jar;E:\MavenRepository\io\lettuce\lettuce-core\5.1.6.RELEASE\lettuce-core-5.1.6.RELEASE.jar;E:\MavenRepository\io\netty\netty-common\4.1.34.Final\netty-common-4.1.34.Final.jar;E:\MavenRepository\io\netty\netty-handler\4.1.34.Final\netty-handler-4.1.34.Final.jar;E:\MavenRepository\io\netty\netty-buffer\4.1.34.Final\netty-buffer-4.1.34.Final.jar;E:\MavenRepository\io\netty\netty-codec\4.1.34.Final\netty-codec-4.1.34.Final.jar;E:\MavenRepository\io\netty\netty-transport\4.1.34.Final\netty-transport-4.1.34.Final.jar;E:\MavenRepository\io\netty\netty-resolver\4.1.34.Final\netty-resolver-4.1.34.Final.jar;E:\MavenRepository\io\projectreactor\reactor-core\3.2.8.RELEASE\reactor-core-3.2.8.RELEASE.jar;E:\MavenRepository\org\reactivestreams\reactive-streams\1.0.2\reactive-streams-1.0.2.jar;E:\MavenRepository\org\springframework\boot\spring-boot-starter-jdbc\2.1.4.RELEASE\spring-boot-starter-jdbc-2.1.4.RELEASE.jar;E:\MavenRepository\com\zaxxer\HikariCP\3.2.0\HikariCP-3.2.0.jar;E:\MavenRepository\org\springframework\spring-jdbc\5.1.6.RELEASE\spring-jdbc-5.1.6.RELEASE.jar;E:\MavenRepository\org\springframework\spring-beans\5.1.6.RELEASE\spring-beans-5.1.6.RELEASE.jar;E:\MavenRepository\org\springframework\boot\spring-boot-starter-thymeleaf\2.1.4.RELEASE\spring-boot-starter-thymeleaf-2.1.4.RELEASE.jar;E:\MavenRepository\org\thymeleaf\thymeleaf-spring5\3.0.11.RELEASE\thymeleaf-spring5-3.0.11.RELEASE.jar;E:\MavenRepository\org\thymeleaf\thymeleaf\3.0.11.RELEASE\thymeleaf-3.0.11.RELEASE.jar;E:\MavenRepository\org\attoparser\attoparser\2.0.5.RELEASE\attoparser-2.0.5.RELEASE.jar;E:\MavenRepository\org\unbescape\unbescape\1.1.6.RELEASE\unbescape-1.1.6.RELEASE.jar;E:\MavenRepository\org\thymeleaf\extras\thymeleaf-extras-java8time\3.0.4.RELEASE\thymeleaf-extras-java8time-3.0.4.RELEASE.jar;E:\MavenRepository\org\springframework\boot\spring-boot-starter-web\2.1.4.RELEASE\spring-boot-starter-web-2.1.4.RELEASE.jar;E:\MavenRepository\org\springframework\boot\spring-boot-starter-json\2.1.4.RELEASE\spring-boot-starter-json-2.1.4.RELEASE.jar;E:\MavenRepository\com\fasterxml\jackson\core\jackson-databind\2.9.8\jackson-databind-2.9.8.jar;E:\MavenRepository\com\fasterxml\jackson\core\jackson-annotations\2.9.0\jackson-annotations-2.9.0.jar;E:\MavenRepository\com\fasterxml\jackson\core\jackson-core\2.9.8\jackson-core-2.9.8.jar;E:\MavenRepository\com\fasterxml\jackson\datatype\jackson-datatype-jdk8\2.9.8\jackson-datatype-jdk8-2.9.8.jar;E:\MavenRepository\com\fasterxml\jackson\datatype\jackson-datatype-jsr310\2.9.8\jackson-datatype-jsr310-2.9.8.jar;E:\MavenRepository\com\fasterxml\jackson\module\jackson-module-parameter-names\2.9.8\jackson-module-parameter-names-2.9.8.jar;E:\MavenRepository\org\springframework\boot\spring-boot-starter-tomcat\2.1.4.RELEASE\spring-boot-starter-tomcat-2.1.4.RELEASE.jar;E:\MavenRepository\org\apache\tomcat\embed\tomcat-embed-core\9.0.17\tomcat-embed-core-9.0.17.jar;E:\MavenRepository\org\apache\tomcat\embed\tomcat-embed-el\9.0.17\tomcat-embed-el-9.0.17.jar;E:\MavenRepository\org\apache\tomcat\embed\tomcat-embed-websocket\9.0.17\tomcat-embed-websocket-9.0.17.jar;E:\MavenRepository\org\hibernate\validator\hibernate-validator\6.0.16.Final\hibernate-validator-6.0.16.Final.jar;E:\MavenRepository\javax\validation\validation-api\2.0.1.Final\validation-api-2.0.1.Final.jar;E:\MavenRepository\org\jboss\logging\jboss-logging\3.3.2.Final\jboss-logging-3.3.2.Final.jar;E:\MavenRepository\com\fasterxml\classmate\1.4.0\classmate-1.4.0.jar;E:\MavenRepository\org\springframework\spring-web\5.1.6.RELEASE\spring-web-5.1.6.RELEASE.jar;E:\MavenRepository\org\springframework\spring-webmvc\5.1.6.RELEASE\spring-webmvc-5.1.6.RELEASE.jar;E:\MavenRepository\org\springframework\spring-context\5.1.6.RELEASE\spring-context-5.1.6.RELEASE.jar;E:\MavenRepository\org\springframework\spring-expression\5.1.6.RELEASE\spring-expression-5.1.6.RELEASE.jar;E:\MavenRepository\org\mybatis\spring\boot\mybatis-spring-boot-starter\2.0.1\mybatis-spring-boot-starter-2.0.1.jar;E:\MavenRepository\org\mybatis\spring\boot\mybatis-spring-boot-autoconfigure\2.0.1\mybatis-spring-boot-autoconfigure-2.0.1.jar;E:\MavenRepository\org\mybatis\mybatis\3.5.1\mybatis-3.5.1.jar;E:\MavenRepository\org\mybatis\mybatis-spring\2.0.1\mybatis-spring-2.0.1.jar;E:\MavenRepository\mysql\mysql-connector-java\5.0.8\mysql-connector-java-5.0.8.jar;E:\MavenRepository\org\projectlombok\lombok\1.18.6\lombok-1.18.6.jar;E:\MavenRepository\org\springframework\boot\spring-boot-starter-test\2.1.4.RELEASE\spring-boot-starter-test-2.1.4.RELEASE.jar;E:\MavenRepository\org\springframework\boot\spring-boot-test\2.1.4.RELEASE\spring-boot-test-2.1.4.RELEASE.jar;E:\MavenRepository\org\springframework\boot\spring-boot-test-autoconfigure\2.1.4.RELEASE\spring-boot-test-autoconfigure-2.1.4.RELEASE.jar;E:\MavenRepository\com\jayway\jsonpath\json-path\2.4.0\json-path-2.4.0.jar;E:\MavenRepository\net\minidev\json-smart\2.3\json-smart-2.3.jar;E:\MavenRepository\net\minidev\accessors-smart\1.2\accessors-smart-1.2.jar;E:\MavenRepository\org\ow2\asm\asm\5.0.4\asm-5.0.4.jar;E:\MavenRepository\junit\junit\4.12\junit-4.12.jar;E:\MavenRepository\org\assertj\assertj-core\3.11.1\assertj-core-3.11.1.jar;E:\MavenRepository\org\mockito\mockito-core\2.23.4\mockito-core-2.23.4.jar;E:\MavenRepository\net\bytebuddy\byte-buddy\1.9.12\byte-buddy-1.9.12.jar;E:\MavenRepository\net\bytebuddy\byte-buddy-agent\1.9.12\byte-buddy-agent-1.9.12.jar;E:\MavenRepository\org\objenesis\objenesis\2.6\objenesis-2.6.jar;E:\MavenRepository\org\hamcrest\hamcrest-core\1.3\hamcrest-core-1.3.jar;E:\MavenRepository\org\hamcrest\hamcrest-library\1.3\hamcrest-library-1.3.jar;E:\MavenRepository\org\skyscreamer\jsonassert\1.5.0\jsonassert-1.5.0.jar;E:\MavenRepository\com\vaadin\external\google\android-json\0.0.20131108.vaadin1\android-json-0.0.20131108.vaadin1.jar;E:\MavenRepository\org\springframework\spring-core\5.1.6.RELEASE\spring-core-5.1.6.RELEASE.jar;E:\MavenRepository\org\springframework\spring-jcl\5.1.6.RELEASE\spring-jcl-5.1.6.RELEASE.jar;E:\MavenRepository\org\springframework\spring-test\5.1.6.RELEASE\spring-test-5.1.6.RELEASE.jar;E:\MavenRepository\org\xmlunit\xmlunit-core\2.6.2\xmlunit-core-2.6.2.jar;E:\MavenRepository\com\alibaba\druid\1.0.26\druid-1.0.26.jar;C:\Program Files\Java\jdk1.8.0_51\jre\..\lib\jconsole.jar;C:\Program Files\Java\jdk1.8.0_51\jre\..\lib\tools.jar;E:\MavenRepository\org\mybatis\generator\mybatis-generator-core\1.3.2\mybatis-generator-core-1.3.2.jar;"/>
    <property name="java.vm.vendor" value="Oracle Corporation"/>
    <property name="sun.arch.data.model" value="64"/>
    <property name="user.variant" value=""/>
    <property name="java.vendor.url" value="http://java.oracle.com/"/>
    <property name="user.timezone" value="Asia/Shanghai"/>
    <property name="java.vm.specification.version" value="1.8"/>
    <property name="os.name" value="Windows 7"/>
    <property name="user.country" value="CN"/>
    <property name="sun.java.launcher" value="SUN_STANDARD"/>
    <property name="sun.boot.library.path" value="C:\Program Files\Java\jdk1.8.0_51\jre\bin"/>
    <property name="sun.java.command" value="C:\Users\ADMINI~1\AppData\Local\Temp\surefire1417848112613145300\surefirebooter1852845701999732022.jar C:\Users\Administrator\AppData\Local\Temp\surefire1417848112613145300 2019-04-18T18-43-22_513-jvmRun1 surefire897689502968474906tmp surefire_04623454893983282797tmp"/>
    <property name="surefire.test.class.path" value="E:\ideaprj\with_my_car\target\test-classes;E:\ideaprj\with_my_car\target\classes;E:\MavenRepository\org\apache\shiro\shiro-spring\1.4.0\shiro-spring-1.4.0.jar;E:\MavenRepository\org\apache\shiro\shiro-web\1.4.0\shiro-web-1.4.0.jar;E:\MavenRepository\org\apache\shiro\shiro-core\1.4.0\shiro-core-1.4.0.jar;E:\MavenRepository\org\apache\shiro\shiro-lang\1.4.0\shiro-lang-1.4.0.jar;E:\MavenRepository\org\slf4j\slf4j-api\1.7.26\slf4j-api-1.7.26.jar;E:\MavenRepository\org\apache\shiro\shiro-cache\1.4.0\shiro-cache-1.4.0.jar;E:\MavenRepository\org\apache\shiro\shiro-crypto-hash\1.4.0\shiro-crypto-hash-1.4.0.jar;E:\MavenRepository\org\apache\shiro\shiro-crypto-core\1.4.0\shiro-crypto-core-1.4.0.jar;E:\MavenRepository\org\apache\shiro\shiro-crypto-cipher\1.4.0\shiro-crypto-cipher-1.4.0.jar;E:\MavenRepository\org\apache\shiro\shiro-config-core\1.4.0\shiro-config-core-1.4.0.jar;E:\MavenRepository\org\apache\shiro\shiro-config-ogdl\1.4.0\shiro-config-ogdl-1.4.0.jar;E:\MavenRepository\commons-beanutils\commons-beanutils\1.9.3\commons-beanutils-1.9.3.jar;E:\MavenRepository\commons-collections\commons-collections\3.2.2\commons-collections-3.2.2.jar;E:\MavenRepository\org\apache\shiro\shiro-event\1.4.0\shiro-event-1.4.0.jar;E:\MavenRepository\com\alibaba\fastjson\1.2.17\fastjson-1.2.17.jar;E:\MavenRepository\org\springframework\boot\spring-boot-starter-data-redis\2.1.4.RELEASE\spring-boot-starter-data-redis-2.1.4.RELEASE.jar;E:\MavenRepository\org\springframework\boot\spring-boot-starter\2.1.4.RELEASE\spring-boot-starter-2.1.4.RELEASE.jar;E:\MavenRepository\org\springframework\boot\spring-boot\2.1.4.RELEASE\spring-boot-2.1.4.RELEASE.jar;E:\MavenRepository\org\springframework\boot\spring-boot-autoconfigure\2.1.4.RELEASE\spring-boot-autoconfigure-2.1.4.RELEASE.jar;E:\MavenRepository\org\springframework\boot\spring-boot-starter-logging\2.1.4.RELEASE\spring-boot-starter-logging-2.1.4.RELEASE.jar;E:\MavenRepository\ch\qos\logback\logback-classic\1.2.3\logback-classic-1.2.3.jar;E:\MavenRepository\ch\qos\logback\logback-core\1.2.3\logback-core-1.2.3.jar;E:\MavenRepository\org\apache\logging\log4j\log4j-to-slf4j\2.11.2\log4j-to-slf4j-2.11.2.jar;E:\MavenRepository\org\apache\logging\log4j\log4j-api\2.11.2\log4j-api-2.11.2.jar;E:\MavenRepository\org\slf4j\jul-to-slf4j\1.7.26\jul-to-slf4j-1.7.26.jar;E:\MavenRepository\javax\annotation\javax.annotation-api\1.3.2\javax.annotation-api-1.3.2.jar;E:\MavenRepository\org\yaml\snakeyaml\1.23\snakeyaml-1.23.jar;E:\MavenRepository\org\springframework\data\spring-data-redis\2.1.6.RELEASE\spring-data-redis-2.1.6.RELEASE.jar;E:\MavenRepository\org\springframework\data\spring-data-keyvalue\2.1.6.RELEASE\spring-data-keyvalue-2.1.6.RELEASE.jar;E:\MavenRepository\org\springframework\data\spring-data-commons\2.1.6.RELEASE\spring-data-commons-2.1.6.RELEASE.jar;E:\MavenRepository\org\springframework\spring-tx\5.1.6.RELEASE\spring-tx-5.1.6.RELEASE.jar;E:\MavenRepository\org\springframework\spring-oxm\5.1.6.RELEASE\spring-oxm-5.1.6.RELEASE.jar;E:\MavenRepository\org\springframework\spring-aop\5.1.6.RELEASE\spring-aop-5.1.6.RELEASE.jar;E:\MavenRepository\org\springframework\spring-context-support\5.1.6.RELEASE\spring-context-support-5.1.6.RELEASE.jar;E:\MavenRepository\io\lettuce\lettuce-core\5.1.6.RELEASE\lettuce-core-5.1.6.RELEASE.jar;E:\MavenRepository\io\netty\netty-common\4.1.34.Final\netty-common-4.1.34.Final.jar;E:\MavenRepository\io\netty\netty-handler\4.1.34.Final\netty-handler-4.1.34.Final.jar;E:\MavenRepository\io\netty\netty-buffer\4.1.34.Final\netty-buffer-4.1.34.Final.jar;E:\MavenRepository\io\netty\netty-codec\4.1.34.Final\netty-codec-4.1.34.Final.jar;E:\MavenRepository\io\netty\netty-transport\4.1.34.Final\netty-transport-4.1.34.Final.jar;E:\MavenRepository\io\netty\netty-resolver\4.1.34.Final\netty-resolver-4.1.34.Final.jar;E:\MavenRepository\io\projectreactor\reactor-core\3.2.8.RELEASE\reactor-core-3.2.8.RELEASE.jar;E:\MavenRepository\org\reactivestreams\reactive-streams\1.0.2\reactive-streams-1.0.2.jar;E:\MavenRepository\org\springframework\boot\spring-boot-starter-jdbc\2.1.4.RELEASE\spring-boot-starter-jdbc-2.1.4.RELEASE.jar;E:\MavenRepository\com\zaxxer\HikariCP\3.2.0\HikariCP-3.2.0.jar;E:\MavenRepository\org\springframework\spring-jdbc\5.1.6.RELEASE\spring-jdbc-5.1.6.RELEASE.jar;E:\MavenRepository\org\springframework\spring-beans\5.1.6.RELEASE\spring-beans-5.1.6.RELEASE.jar;E:\MavenRepository\org\springframework\boot\spring-boot-starter-thymeleaf\2.1.4.RELEASE\spring-boot-starter-thymeleaf-2.1.4.RELEASE.jar;E:\MavenRepository\org\thymeleaf\thymeleaf-spring5\3.0.11.RELEASE\thymeleaf-spring5-3.0.11.RELEASE.jar;E:\MavenRepository\org\thymeleaf\thymeleaf\3.0.11.RELEASE\thymeleaf-3.0.11.RELEASE.jar;E:\MavenRepository\org\attoparser\attoparser\2.0.5.RELEASE\attoparser-2.0.5.RELEASE.jar;E:\MavenRepository\org\unbescape\unbescape\1.1.6.RELEASE\unbescape-1.1.6.RELEASE.jar;E:\MavenRepository\org\thymeleaf\extras\thymeleaf-extras-java8time\3.0.4.RELEASE\thymeleaf-extras-java8time-3.0.4.RELEASE.jar;E:\MavenRepository\org\springframework\boot\spring-boot-starter-web\2.1.4.RELEASE\spring-boot-starter-web-2.1.4.RELEASE.jar;E:\MavenRepository\org\springframework\boot\spring-boot-starter-json\2.1.4.RELEASE\spring-boot-starter-json-2.1.4.RELEASE.jar;E:\MavenRepository\com\fasterxml\jackson\core\jackson-databind\2.9.8\jackson-databind-2.9.8.jar;E:\MavenRepository\com\fasterxml\jackson\core\jackson-annotations\2.9.0\jackson-annotations-2.9.0.jar;E:\MavenRepository\com\fasterxml\jackson\core\jackson-core\2.9.8\jackson-core-2.9.8.jar;E:\MavenRepository\com\fasterxml\jackson\datatype\jackson-datatype-jdk8\2.9.8\jackson-datatype-jdk8-2.9.8.jar;E:\MavenRepository\com\fasterxml\jackson\datatype\jackson-datatype-jsr310\2.9.8\jackson-datatype-jsr310-2.9.8.jar;E:\MavenRepository\com\fasterxml\jackson\module\jackson-module-parameter-names\2.9.8\jackson-module-parameter-names-2.9.8.jar;E:\MavenRepository\org\springframework\boot\spring-boot-starter-tomcat\2.1.4.RELEASE\spring-boot-starter-tomcat-2.1.4.RELEASE.jar;E:\MavenRepository\org\apache\tomcat\embed\tomcat-embed-core\9.0.17\tomcat-embed-core-9.0.17.jar;E:\MavenRepository\org\apache\tomcat\embed\tomcat-embed-el\9.0.17\tomcat-embed-el-9.0.17.jar;E:\MavenRepository\org\apache\tomcat\embed\tomcat-embed-websocket\9.0.17\tomcat-embed-websocket-9.0.17.jar;E:\MavenRepository\org\hibernate\validator\hibernate-validator\6.0.16.Final\hibernate-validator-6.0.16.Final.jar;E:\MavenRepository\javax\validation\validation-api\2.0.1.Final\validation-api-2.0.1.Final.jar;E:\MavenRepository\org\jboss\logging\jboss-logging\3.3.2.Final\jboss-logging-3.3.2.Final.jar;E:\MavenRepository\com\fasterxml\classmate\1.4.0\classmate-1.4.0.jar;E:\MavenRepository\org\springframework\spring-web\5.1.6.RELEASE\spring-web-5.1.6.RELEASE.jar;E:\MavenRepository\org\springframework\spring-webmvc\5.1.6.RELEASE\spring-webmvc-5.1.6.RELEASE.jar;E:\MavenRepository\org\springframework\spring-context\5.1.6.RELEASE\spring-context-5.1.6.RELEASE.jar;E:\MavenRepository\org\springframework\spring-expression\5.1.6.RELEASE\spring-expression-5.1.6.RELEASE.jar;E:\MavenRepository\org\mybatis\spring\boot\mybatis-spring-boot-starter\2.0.1\mybatis-spring-boot-starter-2.0.1.jar;E:\MavenRepository\org\mybatis\spring\boot\mybatis-spring-boot-autoconfigure\2.0.1\mybatis-spring-boot-autoconfigure-2.0.1.jar;E:\MavenRepository\org\mybatis\mybatis\3.5.1\mybatis-3.5.1.jar;E:\MavenRepository\org\mybatis\mybatis-spring\2.0.1\mybatis-spring-2.0.1.jar;E:\MavenRepository\mysql\mysql-connector-java\5.0.8\mysql-connector-java-5.0.8.jar;E:\MavenRepository\org\projectlombok\lombok\1.18.6\lombok-1.18.6.jar;E:\MavenRepository\org\springframework\boot\spring-boot-starter-test\2.1.4.RELEASE\spring-boot-starter-test-2.1.4.RELEASE.jar;E:\MavenRepository\org\springframework\boot\spring-boot-test\2.1.4.RELEASE\spring-boot-test-2.1.4.RELEASE.jar;E:\MavenRepository\org\springframework\boot\spring-boot-test-autoconfigure\2.1.4.RELEASE\spring-boot-test-autoconfigure-2.1.4.RELEASE.jar;E:\MavenRepository\com\jayway\jsonpath\json-path\2.4.0\json-path-2.4.0.jar;E:\MavenRepository\net\minidev\json-smart\2.3\json-smart-2.3.jar;E:\MavenRepository\net\minidev\accessors-smart\1.2\accessors-smart-1.2.jar;E:\MavenRepository\org\ow2\asm\asm\5.0.4\asm-5.0.4.jar;E:\MavenRepository\junit\junit\4.12\junit-4.12.jar;E:\MavenRepository\org\assertj\assertj-core\3.11.1\assertj-core-3.11.1.jar;E:\MavenRepository\org\mockito\mockito-core\2.23.4\mockito-core-2.23.4.jar;E:\MavenRepository\net\bytebuddy\byte-buddy\1.9.12\byte-buddy-1.9.12.jar;E:\MavenRepository\net\bytebuddy\byte-buddy-agent\1.9.12\byte-buddy-agent-1.9.12.jar;E:\MavenRepository\org\objenesis\objenesis\2.6\objenesis-2.6.jar;E:\MavenRepository\org\hamcrest\hamcrest-core\1.3\hamcrest-core-1.3.jar;E:\MavenRepository\org\hamcrest\hamcrest-library\1.3\hamcrest-library-1.3.jar;E:\MavenRepository\org\skyscreamer\jsonassert\1.5.0\jsonassert-1.5.0.jar;E:\MavenRepository\com\vaadin\external\google\android-json\0.0.20131108.vaadin1\android-json-0.0.20131108.vaadin1.jar;E:\MavenRepository\org\springframework\spring-core\5.1.6.RELEASE\spring-core-5.1.6.RELEASE.jar;E:\MavenRepository\org\springframework\spring-jcl\5.1.6.RELEASE\spring-jcl-5.1.6.RELEASE.jar;E:\MavenRepository\org\springframework\spring-test\5.1.6.RELEASE\spring-test-5.1.6.RELEASE.jar;E:\MavenRepository\org\xmlunit\xmlunit-core\2.6.2\xmlunit-core-2.6.2.jar;E:\MavenRepository\com\alibaba\druid\1.0.26\druid-1.0.26.jar;C:\Program Files\Java\jdk1.8.0_51\jre\..\lib\jconsole.jar;C:\Program Files\Java\jdk1.8.0_51\jre\..\lib\tools.jar;E:\MavenRepository\org\mybatis\generator\mybatis-generator-core\1.3.2\mybatis-generator-core-1.3.2.jar;"/>
    <property name="sun.cpu.endian" value="little"/>
    <property name="user.home" value="C:\Users\Administrator"/>
    <property name="user.language" value="zh"/>
    <property name="java.specification.vendor" value="Oracle Corporation"/>
    <property name="java.home" value="C:\Program Files\Java\jdk1.8.0_51\jre"/>
    <property name="basedir" value="E:\ideaprj\with_my_car"/>
    <property name="file.separator" value="\"/>
    <property name="line.separator" value="&#10;"/>
    <property name="java.vm.specification.vendor" value="Oracle Corporation"/>
    <property name="java.specification.name" value="Java Platform API Specification"/>
    <property name="java.awt.graphicsenv" value="sun.awt.Win32GraphicsEnvironment"/>
    <property name="surefire.real.class.path" value="C:\Users\ADMINI~1\AppData\Local\Temp\surefire1417848112613145300\surefirebooter1852845701999732022.jar"/>
    <property name="sun.boot.class.path" value="C:\Program Files\Java\jdk1.8.0_51\jre\lib\resources.jar;C:\Program Files\Java\jdk1.8.0_51\jre\lib\rt.jar;C:\Program Files\Java\jdk1.8.0_51\jre\lib\sunrsasign.jar;C:\Program Files\Java\jdk1.8.0_51\jre\lib\jsse.jar;C:\Program Files\Java\jdk1.8.0_51\jre\lib\jce.jar;C:\Program Files\Java\jdk1.8.0_51\jre\lib\charsets.jar;C:\Program Files\Java\jdk1.8.0_51\jre\lib\jfr.jar;C:\Program Files\Java\jdk1.8.0_51\jre\classes"/>
    <property name="user.script" value=""/>
    <property name="sun.management.compiler" value="HotSpot 64-Bit Tiered Compilers"/>
    <property name="java.runtime.version" value="1.8.0_51-b16"/>
    <property name="user.name" value="Administrator"/>
    <property name="path.separator" value=";"/>
    <property name="os.version" value="6.1"/>
    <property name="java.endorsed.dirs" value="C:\Program Files\Java\jdk1.8.0_51\jre\lib\endorsed"/>
    <property name="java.runtime.name" value="Java(TM) SE Runtime Environment"/>
    <property name="file.encoding" value="GBK"/>
    <property name="java.vm.name" value="Java HotSpot(TM) 64-Bit Server VM"/>
    <property name="localRepository" value="E:\MavenRepository"/>
    <property name="java.vendor.url.bug" value="http://bugreport.sun.com/bugreport/"/>
    <property name="java.io.tmpdir" value="C:\Users\ADMINI~1\AppData\Local\Temp\"/>
    <property name="idea.version" value="2018.3.2"/>
    <property name="java.version" value="1.8.0_51"/>
    <property name="user.dir" value="E:\ideaprj\with_my_car"/>
    <property name="os.arch" value="amd64"/>
    <property name="java.vm.specification.name" value="Java Virtual Machine Specification"/>
    <property name="java.awt.printerjob" value="sun.awt.windows.WPrinterJob"/>
    <property name="sun.os.patch.level" value="Service Pack 1"/>
    <property name="java.library.path" value="C:\Program Files\Java\jdk1.8.0_51\jre\bin;C:\Windows\Sun\Java\bin;C:\Windows\system32;C:\Windows;E:\app\Administrator\product\11.2.0\dbhome_1\bin;C:\ProgramData\Oracle\Java\javapath;D:\Program Files\Java\jdk1.8.0_192\bin;C:\Program Files (x86)\Common Files\Oracle\Java\javapath;C:\Windows\system32;C:\Windows;C:\Windows\System32\Wbem;C:\Windows\System32\WindowsPowerShell\v1.0\;E:\tools\MySQL\MySQL Server 5.0\bin;E:\tools\maven\apache-maven-3.3.9-bin\apache-maven-3.3.9\bin;D:\Program Files\Git\cmd;E:\tools\VisualSVN Server\bin;E:\tools\TortoiseSVN\bin;E:\tools\nodejs\;E:\tools\Microsoft VS Code\bin;C:\Users\Administrator\AppData\Roaming\npm;."/>
    <property name="java.vm.info" value="mixed mode"/>
    <property name="java.vendor" value="Oracle Corporation"/>
    <property name="java.vm.version" value="25.51-b03"/>
    <property name="java.ext.dirs" value="C:\Program Files\Java\jdk1.8.0_51\jre\lib\ext;C:\Windows\Sun\Java\lib\ext"/>
    <property name="sun.io.unicode.encoding" value="UnicodeLittle"/>
    <property name="java.class.version" value="52.0"/>
  </properties>
  <testcase name="contextLoads" classname="com.qf.with_my_car.WithMyCarApplicationTests" time="0.606"/>
</testsuite>